<?xml version="1.0" encoding="UTF-8"?>
<testng-results ignored="0" total="1" passed="1" failed="0" skipped="0">
  <reporter-output>
  </reporter-output>
  <suite started-at="2022-12-07T08:15:26 IST" name="Default suite" finished-at="2022-12-07T08:15:46 IST" duration-ms="20145">
    <groups>
    </groups>
    <test started-at="2022-12-07T08:15:26 IST" name="Default test" finished-at="2022-12-07T08:15:46 IST" duration-ms="20145">
      <class name="TitleValidationTest2">
        <test-method is-config="true" signature="url()[pri:0, instance:TitleValidationTest2@48f278eb]" started-at="2022-12-07T08:15:26 IST" name="url" finished-at="2022-12-07T08:15:37 IST" duration-ms="11290" status="PASS">
          <reporter-output>
          </reporter-output>
        </test-method> <!-- url -->
        <test-method signature="reg()[pri:0, instance:TitleValidationTest2@48f278eb]" started-at="2022-12-07T08:15:37 IST" name="reg" finished-at="2022-12-07T08:15:46 IST" duration-ms="8769" status="PASS">
          <reporter-output>
          </reporter-output>
        </test-method> <!-- reg -->
      </class> <!-- TitleValidationTest2 -->
    </test> <!-- Default test -->
  </suite> <!-- Default suite -->
</testng-results>
