<?xml version="1.0" encoding="UTF-8"?>
<testng-results ignored="0" total="1" passed="1" failed="0" skipped="0">
  <reporter-output>
  </reporter-output>
  <suite started-at="2022-12-15T08:15:40 IST" name="Default suite" finished-at="2022-12-15T08:15:52 IST" duration-ms="11908">
    <groups>
    </groups>
    <test started-at="2022-12-15T08:15:40 IST" name="Default test" finished-at="2022-12-15T08:15:52 IST" duration-ms="11908">
      <class name="pom.pages.with.excel.BookMainApp">
        <test-method is-config="true" signature="loadTestData()[pri:0, instance:pom.pages.with.excel.BookMainApp@29215f06]" started-at="2022-12-15T08:15:37 IST" name="loadTestData" finished-at="2022-12-15T08:15:40 IST" duration-ms="2930" status="PASS">
          <reporter-output>
          </reporter-output>
        </test-method> <!-- loadTestData -->
        <test-method is-config="true" signature="setupBrowser()[pri:0, instance:pom.pages.with.excel.BookMainApp@29215f06]" started-at="2022-12-15T08:15:40 IST" name="setupBrowser" finished-at="2022-12-15T08:15:50 IST" duration-ms="10726" status="PASS">
          <reporter-output>
          </reporter-output>
        </test-method> <!-- setupBrowser -->
        <test-method signature="testLogin()[pri:0, instance:pom.pages.with.excel.BookMainApp@29215f06]" started-at="2022-12-15T08:15:51 IST" name="testLogin" finished-at="2022-12-15T08:15:52 IST" duration-ms="1143" status="PASS">
          <reporter-output>
          </reporter-output>
        </test-method> <!-- testLogin -->
      </class> <!-- pom.pages.with.excel.BookMainApp -->
    </test> <!-- Default test -->
  </suite> <!-- Default suite -->
</testng-results>
